# JRE version: OpenJDK Runtime Environment (17.0.6) (build 17.0.6+0-b2043.56-10027231)
# Java VM: OpenJDK 64-Bit Server VM (17.0.6+0-b2043.56-10027231, mixed mode, tiered, compressed oops, compressed class ptrs, g1 gc, windows-amd64)
GC Precious Log:
 CPUs: 8 total, 8 available
 Memory: 8136M
 Large Page Support: Disabled
 NUMA Support: Disabled
 Compressed Oops: Enabled (32-bit)
 Heap Region Size: 1M
 Heap Min Capacity: 8M
 Heap Initial Capacity: 128M
 Heap Max Capacity: 2G
 Pre-touch: Disabled
 Parallel Workers: 8
 Concurrent Workers: 2
 Concurrent Refinement Workers: 8
 Periodic GC: Disabled
Heap:
 garbage-first heap   total 393216K, used 229733K [0x0000000080000000, 0x0000000100000000)
  region size 1024K, 13 young (13312K), 13 survivors (13312K)
 Metaspace       used 201277K, committed 202240K, reserved 1228800K
  class space    used 25854K, committed 26304K, reserved 1048576K
GC Heap History (20 events):
Event: 294.644 GC heap after
{Heap after GC invocations=116 (full 0):
 garbage-first heap   total 291840K, used 181750K [0x0000000080000000, 0x0000000100000000)
  region size 1024K, 5 young (5120K), 5 survivors (5120K)
 Metaspace       used 182518K, committed 183488K, reserved 1212416K
  class space    used 22997K, committed 23488K, reserved 1048576K
}
Event: 294.958 GC heap before
{Heap before GC invocations=116 (full 0):
 garbage-first heap   total 291840K, used 256502K [0x0000000080000000, 0x0000000100000000)
  region size 1024K, 78 young (79872K), 5 survivors (5120K)
 Metaspace       used 182518K, committed 183488K, reserved 1212416K
  class space    used 22997K, committed 23488K, reserved 1048576K
}
Event: 294.962 GC heap after
{Heap after GC invocations=117 (full 0):
 garbage-first heap   total 291840K, used 182957K [0x0000000080000000, 0x0000000100000000)
  region size 1024K, 7 young (7168K), 7 survivors (7168K)
 Metaspace       used 182518K, committed 183488K, reserved 1212416K
  class space    used 22997K, committed 23488K, reserved 1048576K
}
Event: 295.299 GC heap before
{Heap before GC invocations=117 (full 0):
 garbage-first heap   total 291840K, used 253613K [0x0000000080000000, 0x0000000100000000)
  region size 1024K, 76 young (77824K), 7 survivors (7168K)
 Metaspace       used 182518K, committed 183488K, reserved 1212416K
  class space    used 22997K, committed 23488K, reserved 1048576K
}
Event: 295.303 GC heap after
{Heap after GC invocations=118 (full 0):
 garbage-first heap   total 291840K, used 183623K [0x0000000080000000, 0x0000000100000000)
  region size 1024K, 7 young (7168K), 7 survivors (7168K)
 Metaspace       used 182518K, committed 183488K, reserved 1212416K
  class space    used 22997K, committed 23488K, reserved 1048576K
}
Event: 299.594 GC heap before
{Heap before GC invocations=118 (full 0):
 garbage-first heap   total 291840K, used 243015K [0x0000000080000000, 0x0000000100000000)
  region size 1024K, 66 young (67584K), 7 survivors (7168K)
 Metaspace       used 185898K, committed 186880K, reserved 1212416K
  class space    used 23465K, committed 24000K, reserved 1048576K
}
Event: 299.601 GC heap after
{Heap after GC invocations=119 (full 0):
 garbage-first heap   total 291840K, used 178406K [0x0000000080000000, 0x0000000100000000)
  region size 1024K, 5 young (5120K), 5 survivors (5120K)
 Metaspace       used 185898K, committed 186880K, reserved 1212416K
  class space    used 23465K, committed 24000K, reserved 1048576K
}
Event: 347.338 GC heap before
{Heap before GC invocations=120 (full 0):
 garbage-first heap   total 304128K, used 250086K [0x0000000080000000, 0x0000000100000000)
  region size 1024K, 78 young (79872K), 5 survivors (5120K)
 Metaspace       used 187664K, committed 188672K, reserved 1220608K
  class space    used 23751K, committed 24256K, reserved 1048576K
}
Event: 347.350 GC heap after
{Heap after GC invocations=121 (full 0):
 garbage-first heap   total 304128K, used 189748K [0x0000000080000000, 0x0000000100000000)
  region size 1024K, 10 young (10240K), 10 survivors (10240K)
 Metaspace       used 187664K, committed 188672K, reserved 1220608K
  class space    used 23751K, committed 24256K, reserved 1048576K
}
Event: 347.370 GC heap before
{Heap before GC invocations=121 (full 0):
 garbage-first heap   total 304128K, used 192820K [0x0000000080000000, 0x0000000100000000)
  region size 1024K, 14 young (14336K), 10 survivors (10240K)
 Metaspace       used 187741K, committed 188736K, reserved 1220608K
  class space    used 23764K, committed 24256K, reserved 1048576K
}
Event: 347.379 GC heap after
{Heap after GC invocations=122 (full 0):
 garbage-first heap   total 304128K, used 177004K [0x0000000080000000, 0x0000000100000000)
  region size 1024K, 2 young (2048K), 2 survivors (2048K)
 Metaspace       used 187741K, committed 188736K, reserved 1220608K
  class space    used 23764K, committed 24256K, reserved 1048576K
}
Event: 347.844 GC heap before
{Heap before GC invocations=122 (full 0):
 garbage-first heap   total 304128K, used 251756K [0x0000000080000000, 0x0000000100000000)
  region size 1024K, 76 young (77824K), 2 survivors (2048K)
 Metaspace       used 192469K, committed 193472K, reserved 1220608K
  class space    used 24489K, committed 24960K, reserved 1048576K
}
Event: 347.856 GC heap after
{Heap after GC invocations=123 (full 0):
 garbage-first heap   total 304128K, used 188337K [0x0000000080000000, 0x0000000100000000)
  region size 1024K, 10 young (10240K), 10 survivors (10240K)
 Metaspace       used 192469K, committed 193472K, reserved 1220608K
  class space    used 24489K, committed 24960K, reserved 1048576K
}
Event: 348.145 GC heap before
{Heap before GC invocations=123 (full 0):
 garbage-first heap   total 393216K, used 251825K [0x0000000080000000, 0x0000000100000000)
  region size 1024K, 73 young (74752K), 10 survivors (10240K)
 Metaspace       used 194615K, committed 195648K, reserved 1220608K
  class space    used 24805K, committed 25280K, reserved 1048576K
}
Event: 348.172 GC heap after
{Heap after GC invocations=124 (full 0):
 garbage-first heap   total 393216K, used 198792K [0x0000000080000000, 0x0000000100000000)
  region size 1024K, 10 young (10240K), 10 survivors (10240K)
 Metaspace       used 194615K, committed 195648K, reserved 1220608K
  class space    used 24805K, committed 25280K, reserved 1048576K
}
Event: 348.923 GC heap before
{Heap before GC invocations=125 (full 0):
 garbage-first heap   total 393216K, used 311432K [0x0000000080000000, 0x0000000100000000)
  region size 1024K, 121 young (123904K), 10 survivors (10240K)
 Metaspace       used 198414K, committed 199360K, reserved 1228800K
  class space    used 25394K, committed 25856K, reserved 1048576K
}
Event: 348.959 GC heap after
{Heap after GC invocations=126 (full 0):
 garbage-first heap   total 393216K, used 216229K [0x0000000080000000, 0x0000000100000000)
  region size 1024K, 16 young (16384K), 16 survivors (16384K)
 Metaspace       used 198414K, committed 199360K, reserved 1228800K
  class space    used 25394K, committed 25856K, reserved 1048576K
}
Event: 349.043 GC heap before
{Heap before GC invocations=126 (full 0):
 garbage-first heap   total 393216K, used 219301K [0x0000000080000000, 0x0000000100000000)
  region size 1024K, 19 young (19456K), 16 survivors (16384K)
 Metaspace       used 198461K, committed 199424K, reserved 1228800K
  class space    used 25404K, committed 25856K, reserved 1048576K
}
Event: 349.091 GC heap after
{Heap after GC invocations=127 (full 0):
 garbage-first heap   total 393216K, used 216219K [0x0000000080000000, 0x0000000100000000)
  region size 1024K, 3 young (3072K), 3 survivors (3072K)
 Metaspace       used 198461K, committed 199424K, reserved 1228800K
  class space    used 25404K, committed 25856K, reserved 1048576K
}
Event: 349.797 GC heap before
{Heap before GC invocations=127 (full 0):
 garbage-first heap   total 393216K, used 315547K [0x0000000080000000, 0x0000000100000000)
  region size 1024K, 101 young (103424K), 3 survivors (3072K)
 Metaspace       used 201277K, committed 202240K, reserved 1228800K
  class space    used 25854K, committed 26304K, reserved 1048576K
}

